<?xml version="1.0" encoding="UTF-8"?>
<!-- Generated by org.testng.reporters.JUnitReportReporter -->
<testsuite hostname="DESKTOP-UORHD9E" failures="0" tests="2" name="mvnprj.SeleniumTest" time="0.018" errors="0" timestamp="15 Mar 2021 12:33:21 GMT" skipped="0">
  <testcase classname="mvnprj.SeleniumTest" name="BrowserTest" time="0.018"/>
  <testcase classname="mvnprj.SeleniumTest" name="ElementUI" time="0.000"/>
</testsuite> <!-- mvnprj.SeleniumTest -->
