<?xml version="1.0" encoding="UTF-8"?>
<!-- Generated by org.testng.reporters.JUnitReportReporter -->
<testsuite hostname="DESKTOP-UORHD9E" failures="0" tests="2" name="mvnprj.AppiumTest" time="0.002" errors="0" timestamp="15 Mar 2021 12:32:54 GMT" skipped="0">
  <testcase classname="mvnprj.AppiumTest" name="Androidapp" time="0.001"/>
  <testcase classname="mvnprj.AppiumTest" name="IOSapp" time="0.001"/>
</testsuite> <!-- mvnprj.AppiumTest -->
